2025-06-04T20:43:17.993+03:00  INFO 10268 --- [demo] [restartedMain] r.k.s.b.demo.DemoApplication             : Starting DemoApplication using Java 21.0.6 with PID 10268 (C:\Users\Daniil\Downloads\demo\target\classes started by Daniil in C:\Users\Daniil\Downloads\demo)
2025-06-04T20:43:18.001+03:00 DEBUG 10268 --- [demo] [restartedMain] r.k.s.b.demo.DemoApplication             : Running with Spring Boot v3.4.5, Spring v6.2.6
2025-06-04T20:43:18.003+03:00  INFO 10268 --- [demo] [restartedMain] r.k.s.b.demo.DemoApplication             : No active profile set, falling back to 1 default profile: "default"
2025-06-04T20:43:18.094+03:00  INFO 10268 --- [demo] [restartedMain] .e.DevToolsPropertyDefaultsPostProcessor : Devtools property defaults active! Set 'spring.devtools.add-properties' to 'false' to disable
2025-06-04T20:43:18.094+03:00  INFO 10268 --- [demo] [restartedMain] .e.DevToolsPropertyDefaultsPostProcessor : For additional web related logging consider setting the 'logging.level.web' property to 'DEBUG'
2025-06-04T20:43:19.335+03:00  INFO 10268 --- [demo] [restartedMain] .s.d.r.c.RepositoryConfigurationDelegate : Bootstrapping Spring Data JPA repositories in DEFAULT mode.
2025-06-04T20:43:19.433+03:00  INFO 10268 --- [demo] [restartedMain] .s.d.r.c.RepositoryConfigurationDelegate : Finished Spring Data repository scanning in 82 ms. Found 2 JPA repository interfaces.
2025-06-04T20:43:20.322+03:00  INFO 10268 --- [demo] [restartedMain] o.s.b.w.embedded.tomcat.TomcatWebServer  : Tomcat initialized with port 8080 (http)
2025-06-04T20:43:20.341+03:00  INFO 10268 --- [demo] [restartedMain] o.apache.catalina.core.StandardService   : Starting service [Tomcat]
2025-06-04T20:43:20.342+03:00  INFO 10268 --- [demo] [restartedMain] o.apache.catalina.core.StandardEngine    : Starting Servlet engine: [Apache Tomcat/10.1.40]
2025-06-04T20:43:20.418+03:00  INFO 10268 --- [demo] [restartedMain] o.a.c.c.C.[Tomcat].[localhost].[/]       : Initializing Spring embedded WebApplicationContext
2025-06-04T20:43:20.418+03:00  INFO 10268 --- [demo] [restartedMain] w.s.c.ServletWebServerApplicationContext : Root WebApplicationContext: initialization completed in 2323 ms
2025-06-04T20:43:20.644+03:00  INFO 10268 --- [demo] [restartedMain] o.hibernate.jpa.internal.util.LogHelper  : HHH000204: Processing PersistenceUnitInfo [name: default]
2025-06-04T20:43:20.716+03:00  INFO 10268 --- [demo] [restartedMain] org.hibernate.Version                    : HHH000412: Hibernate ORM core version 6.6.13.Final
2025-06-04T20:43:20.771+03:00  INFO 10268 --- [demo] [restartedMain] o.h.c.internal.RegionFactoryInitiator    : HHH000026: Second-level cache disabled
2025-06-04T20:43:21.157+03:00  INFO 10268 --- [demo] [restartedMain] o.s.o.j.p.SpringPersistenceUnitInfo      : No LoadTimeWeaver setup: ignoring JPA class transformer
2025-06-04T20:43:21.199+03:00  INFO 10268 --- [demo] [restartedMain] com.zaxxer.hikari.HikariDataSource       : HikariPool-1 - Starting...
2025-06-04T20:43:21.798+03:00  INFO 10268 --- [demo] [restartedMain] com.zaxxer.hikari.pool.HikariPool        : HikariPool-1 - Added connection com.mysql.cj.jdbc.ConnectionImpl@7b1362d1
2025-06-04T20:43:21.801+03:00  INFO 10268 --- [demo] [restartedMain] com.zaxxer.hikari.HikariDataSource       : HikariPool-1 - Start completed.
2025-06-04T20:43:21.928+03:00  INFO 10268 --- [demo] [restartedMain] org.hibernate.orm.connections.pooling    : HHH10001005: Database info:
	Database JDBC URL [Connecting through datasource 'HikariDataSource (HikariPool-1)']
	Database driver: undefined/unknown
	Database version: 8.0.41
	Autocommit mode: undefined/unknown
	Isolation level: undefined/unknown
	Minimum pool size: undefined/unknown
	Maximum pool size: undefined/unknown
2025-06-04T20:43:23.239+03:00  INFO 10268 --- [demo] [restartedMain] o.h.e.t.j.p.i.JtaPlatformInitiator       : HHH000489: No JTA platform available (set 'hibernate.transaction.jta.platform' to enable JTA platform integration)
2025-06-04T20:43:23.350+03:00  INFO 10268 --- [demo] [restartedMain] j.LocalContainerEntityManagerFactoryBean : Initialized JPA EntityManagerFactory for persistence unit 'default'
2025-06-04T20:43:23.767+03:00  INFO 10268 --- [demo] [restartedMain] o.s.d.j.r.query.QueryEnhancerFactory     : Hibernate is in classpath; If applicable, HQL parser will be used.
2025-06-04T20:43:24.540+03:00  WARN 10268 --- [demo] [restartedMain] JpaBaseConfiguration$JpaWebConfiguration : spring.jpa.open-in-view is enabled by default. Therefore, database queries may be performed during view rendering. Explicitly configure spring.jpa.open-in-view to disable this warning
2025-06-04T20:43:24.568+03:00  INFO 10268 --- [demo] [restartedMain] r$InitializeUserDetailsManagerConfigurer : Global AuthenticationManager configured with UserDetailsService bean with name userDetailsServiceImpl
2025-06-04T20:43:24.747+03:00 DEBUG 10268 --- [demo] [restartedMain] s.w.s.m.m.a.RequestMappingHandlerMapping : 11 mappings in 'requestMappingHandlerMapping'
2025-06-04T20:43:24.867+03:00 DEBUG 10268 --- [demo] [restartedMain] o.s.w.s.handler.SimpleUrlHandlerMapping  : Patterns [/webjars/**, /**] in 'resourceHandlerMapping'
2025-06-04T20:43:24.960+03:00 DEBUG 10268 --- [demo] [restartedMain] o.s.s.web.DefaultSecurityFilterChain     : Will secure any request with filters: DisableEncodeUrlFilter, WebAsyncManagerIntegrationFilter, SecurityContextHolderFilter, HeaderWriterFilter, CsrfFilter, LogoutFilter, UsernamePasswordAuthenticationFilter, RequestCacheAwareFilter, SecurityContextHolderAwareRequestFilter, AnonymousAuthenticationFilter, ExceptionTranslationFilter, AuthorizationFilter
2025-06-04T20:43:25.068+03:00 DEBUG 10268 --- [demo] [restartedMain] s.w.s.m.m.a.RequestMappingHandlerAdapter : ControllerAdvice beans: 0 @ModelAttribute, 0 @InitBinder, 1 RequestBodyAdvice, 1 ResponseBodyAdvice
2025-06-04T20:43:25.174+03:00 DEBUG 10268 --- [demo] [restartedMain] .m.m.a.ExceptionHandlerExceptionResolver : ControllerAdvice beans: 0 @ExceptionHandler, 1 ResponseBodyAdvice
2025-06-04T20:43:25.328+03:00  INFO 10268 --- [demo] [restartedMain] o.s.b.d.a.OptionalLiveReloadServer       : LiveReload server is running on port 35729
2025-06-04T20:43:25.389+03:00  INFO 10268 --- [demo] [restartedMain] o.s.b.w.embedded.tomcat.TomcatWebServer  : Tomcat started on port 8080 (http) with context path '/'
2025-06-04T20:43:25.404+03:00  INFO 10268 --- [demo] [restartedMain] r.k.s.b.demo.DemoApplication             : Started DemoApplication in 8.185 seconds (process running for 14.458)
2025-06-04T20:43:43.422+03:00  INFO 10268 --- [demo] [http-nio-8080-exec-1] o.a.c.c.C.[Tomcat].[localhost].[/]       : Initializing Spring DispatcherServlet 'dispatcherServlet'
2025-06-04T20:43:43.423+03:00  INFO 10268 --- [demo] [http-nio-8080-exec-1] o.s.web.servlet.DispatcherServlet        : Initializing Servlet 'dispatcherServlet'
2025-06-04T20:43:43.424+03:00 DEBUG 10268 --- [demo] [http-nio-8080-exec-1] o.s.web.servlet.DispatcherServlet        : Detected StandardServletMultipartResolver
2025-06-04T20:43:43.424+03:00 DEBUG 10268 --- [demo] [http-nio-8080-exec-1] o.s.web.servlet.DispatcherServlet        : Detected AcceptHeaderLocaleResolver
2025-06-04T20:43:43.424+03:00 DEBUG 10268 --- [demo] [http-nio-8080-exec-1] o.s.web.servlet.DispatcherServlet        : Detected FixedThemeResolver
2025-06-04T20:43:43.428+03:00 DEBUG 10268 --- [demo] [http-nio-8080-exec-1] o.s.web.servlet.DispatcherServlet        : Detected org.springframework.web.servlet.view.DefaultRequestToViewNameTranslator@7722d772
2025-06-04T20:43:43.429+03:00 DEBUG 10268 --- [demo] [http-nio-8080-exec-1] o.s.web.servlet.DispatcherServlet        : Detected org.springframework.web.servlet.support.SessionFlashMapManager@7d7ca77
2025-06-04T20:43:43.430+03:00 DEBUG 10268 --- [demo] [http-nio-8080-exec-1] o.s.web.servlet.DispatcherServlet        : enableLoggingRequestDetails='false': request parameters and headers will be masked to prevent unsafe logging of potentially sensitive data
2025-06-04T20:43:43.430+03:00  INFO 10268 --- [demo] [http-nio-8080-exec-1] o.s.web.servlet.DispatcherServlet        : Completed initialization in 7 ms
2025-06-04T20:43:43.476+03:00 DEBUG 10268 --- [demo] [http-nio-8080-exec-1] o.s.security.web.FilterChainProxy        : Securing GET /users
2025-06-04T20:43:43.501+03:00 DEBUG 10268 --- [demo] [http-nio-8080-exec-1] o.s.s.w.a.AnonymousAuthenticationFilter  : Set SecurityContextHolder to anonymous SecurityContext
2025-06-04T20:43:43.558+03:00 DEBUG 10268 --- [demo] [http-nio-8080-exec-1] o.s.s.w.s.HttpSessionRequestCache        : Saved request http://localhost:8080/users?continue to session
2025-06-04T20:43:43.560+03:00 DEBUG 10268 --- [demo] [http-nio-8080-exec-1] o.s.s.web.DefaultRedirectStrategy        : Redirecting to http://localhost:8080/login
2025-06-04T20:43:43.598+03:00 DEBUG 10268 --- [demo] [http-nio-8080-exec-2] o.s.security.web.FilterChainProxy        : Securing GET /login
2025-06-04T20:43:43.602+03:00 DEBUG 10268 --- [demo] [http-nio-8080-exec-2] o.s.security.web.FilterChainProxy        : Secured GET /login
2025-06-04T20:43:43.606+03:00 DEBUG 10268 --- [demo] [http-nio-8080-exec-2] o.s.web.servlet.DispatcherServlet        : GET "/login", parameters={}
2025-06-04T20:43:43.610+03:00 DEBUG 10268 --- [demo] [http-nio-8080-exec-2] s.w.s.m.m.a.RequestMappingHandlerMapping : Mapped to ru.kata.spring.boot_security.demo.controller.AppController#login()
2025-06-04T20:43:43.666+03:00 DEBUG 10268 --- [demo] [http-nio-8080-exec-2] o.s.w.s.v.ContentNegotiatingViewResolver : Selected 'text/html' given [text/html, application/xhtml+xml, image/avif, image/webp, image/apng, application/xml;q=0.9, */*;q=0.8, application/signed-exchange;v=b3;q=0.7]
2025-06-04T20:43:44.380+03:00 DEBUG 10268 --- [demo] [http-nio-8080-exec-2] o.s.web.servlet.DispatcherServlet        : Completed 200 OK
2025-06-04T20:43:44.381+03:00 DEBUG 10268 --- [demo] [http-nio-8080-exec-2] o.s.s.w.a.AnonymousAuthenticationFilter  : Set SecurityContextHolder to anonymous SecurityContext
2025-06-04T20:43:45.318+03:00 DEBUG 10268 --- [demo] [http-nio-8080-exec-4] o.s.security.web.FilterChainProxy        : Securing GET /favicon.ico
2025-06-04T20:43:45.319+03:00 DEBUG 10268 --- [demo] [http-nio-8080-exec-4] o.s.s.w.a.AnonymousAuthenticationFilter  : Set SecurityContextHolder to anonymous SecurityContext
2025-06-04T20:43:45.320+03:00 DEBUG 10268 --- [demo] [http-nio-8080-exec-4] o.s.s.web.DefaultRedirectStrategy        : Redirecting to http://localhost:8080/login
2025-06-04T20:43:45.328+03:00 DEBUG 10268 --- [demo] [http-nio-8080-exec-5] o.s.security.web.FilterChainProxy        : Securing GET /login
2025-06-04T20:43:45.330+03:00 DEBUG 10268 --- [demo] [http-nio-8080-exec-5] o.s.security.web.FilterChainProxy        : Secured GET /login
2025-06-04T20:43:45.330+03:00 DEBUG 10268 --- [demo] [http-nio-8080-exec-5] o.s.web.servlet.DispatcherServlet        : GET "/login", parameters={}
2025-06-04T20:43:45.332+03:00 DEBUG 10268 --- [demo] [http-nio-8080-exec-5] s.w.s.m.m.a.RequestMappingHandlerMapping : Mapped to ru.kata.spring.boot_security.demo.controller.AppController#login()
2025-06-04T20:43:45.338+03:00 DEBUG 10268 --- [demo] [http-nio-8080-exec-5] o.s.w.s.v.ContentNegotiatingViewResolver : Selected '*/*' given [image/avif, image/webp, image/apng, image/svg+xml, image/*, */*;q=0.8]
2025-06-04T20:43:45.348+03:00 DEBUG 10268 --- [demo] [http-nio-8080-exec-5] o.s.web.servlet.DispatcherServlet        : Completed 200 OK
2025-06-04T20:43:45.350+03:00 DEBUG 10268 --- [demo] [http-nio-8080-exec-5] o.s.s.w.a.AnonymousAuthenticationFilter  : Set SecurityContextHolder to anonymous SecurityContext
2025-06-04T20:43:57.099+03:00 DEBUG 10268 --- [demo] [http-nio-8080-exec-3] o.s.security.web.FilterChainProxy        : Securing POST /login
2025-06-04T20:43:57.396+03:00 DEBUG 10268 --- [demo] [http-nio-8080-exec-3] o.s.s.a.dao.DaoAuthenticationProvider    : Authenticated user
2025-06-04T20:43:57.397+03:00 DEBUG 10268 --- [demo] [http-nio-8080-exec-3] .s.ChangeSessionIdAuthenticationStrategy : Changed session id from 38039FF164598CD7EB328C8F8B0441DB
2025-06-04T20:43:57.398+03:00 DEBUG 10268 --- [demo] [http-nio-8080-exec-3] o.s.s.w.csrf.CsrfAuthenticationStrategy  : Replaced CSRF Token
2025-06-04T20:43:57.399+03:00 DEBUG 10268 --- [demo] [http-nio-8080-exec-3] w.c.HttpSessionSecurityContextRepository : Stored SecurityContextImpl [Authentication=UsernamePasswordAuthenticationToken [Principal=ru.kata.spring.boot_security.demo.entity.User@50aa4d67, Credentials=[PROTECTED], Authenticated=true, Details=WebAuthenticationDetails [RemoteIpAddress=0:0:0:0:0:0:0:1, SessionId=38039FF164598CD7EB328C8F8B0441DB], Granted Authorities=[ru.kata.spring.boot_security.demo.entity.Role@719aff2f]]] to HttpSession [org.apache.catalina.session.StandardSessionFacade@75c5b290]
2025-06-04T20:43:57.400+03:00 DEBUG 10268 --- [demo] [http-nio-8080-exec-3] w.a.UsernamePasswordAuthenticationFilter : Set SecurityContextHolder to UsernamePasswordAuthenticationToken [Principal=ru.kata.spring.boot_security.demo.entity.User@50aa4d67, Credentials=[PROTECTED], Authenticated=true, Details=WebAuthenticationDetails [RemoteIpAddress=0:0:0:0:0:0:0:1, SessionId=38039FF164598CD7EB328C8F8B0441DB], Granted Authorities=[ru.kata.spring.boot_security.demo.entity.Role@719aff2f]]
2025-06-04T20:43:57.401+03:00 DEBUG 10268 --- [demo] [http-nio-8080-exec-3] o.s.s.web.DefaultRedirectStrategy        : Redirecting to /dashboard
2025-06-04T20:43:57.409+03:00 DEBUG 10268 --- [demo] [http-nio-8080-exec-6] o.s.security.web.FilterChainProxy        : Securing GET /dashboard
2025-06-04T20:43:57.409+03:00 DEBUG 10268 --- [demo] [http-nio-8080-exec-6] w.c.HttpSessionSecurityContextRepository : Retrieved SecurityContextImpl [Authentication=UsernamePasswordAuthenticationToken [Principal=ru.kata.spring.boot_security.demo.entity.User@50aa4d67, Credentials=[PROTECTED], Authenticated=true, Details=WebAuthenticationDetails [RemoteIpAddress=0:0:0:0:0:0:0:1, SessionId=38039FF164598CD7EB328C8F8B0441DB], Granted Authorities=[ru.kata.spring.boot_security.demo.entity.Role@719aff2f]]]
2025-06-04T20:43:57.409+03:00 DEBUG 10268 --- [demo] [http-nio-8080-exec-6] o.s.security.web.FilterChainProxy        : Secured GET /dashboard
2025-06-04T20:43:57.409+03:00 DEBUG 10268 --- [demo] [http-nio-8080-exec-6] o.s.web.servlet.DispatcherServlet        : GET "/dashboard", parameters={}
2025-06-04T20:43:57.409+03:00 DEBUG 10268 --- [demo] [http-nio-8080-exec-6] s.w.s.m.m.a.RequestMappingHandlerMapping : Mapped to ru.kata.spring.boot_security.demo.controller.AppController#doAvtorisation(Authentication, Model)
2025-06-04T20:43:57.457+03:00 DEBUG 10268 --- [demo] [http-nio-8080-exec-6] o.s.w.s.v.ContentNegotiatingViewResolver : Selected 'text/html' given [text/html, application/xhtml+xml, image/avif, image/webp, image/apng, application/xml;q=0.9, */*;q=0.8, application/signed-exchange;v=b3;q=0.7]
2025-06-04T20:43:57.646+03:00 DEBUG 10268 --- [demo] [http-nio-8080-exec-6] o.s.web.servlet.DispatcherServlet        : Completed 200 OK
2025-06-04T20:43:57.868+03:00 DEBUG 10268 --- [demo] [http-nio-8080-exec-7] o.s.security.web.FilterChainProxy        : Securing GET /favicon.ico
2025-06-04T20:43:57.869+03:00 DEBUG 10268 --- [demo] [http-nio-8080-exec-7] w.c.HttpSessionSecurityContextRepository : Retrieved SecurityContextImpl [Authentication=UsernamePasswordAuthenticationToken [Principal=ru.kata.spring.boot_security.demo.entity.User@50aa4d67, Credentials=[PROTECTED], Authenticated=true, Details=WebAuthenticationDetails [RemoteIpAddress=0:0:0:0:0:0:0:1, SessionId=38039FF164598CD7EB328C8F8B0441DB], Granted Authorities=[ru.kata.spring.boot_security.demo.entity.Role@719aff2f]]]
2025-06-04T20:43:57.869+03:00 DEBUG 10268 --- [demo] [http-nio-8080-exec-7] o.s.security.web.FilterChainProxy        : Secured GET /favicon.ico
2025-06-04T20:43:57.869+03:00 DEBUG 10268 --- [demo] [http-nio-8080-exec-7] o.s.web.servlet.DispatcherServlet        : GET "/favicon.ico", parameters={}
2025-06-04T20:43:57.872+03:00 DEBUG 10268 --- [demo] [http-nio-8080-exec-7] o.s.w.s.handler.SimpleUrlHandlerMapping  : Mapped to ResourceHttpRequestHandler [classpath [META-INF/resources/], classpath [resources/], classpath [static/], classpath [public/], ServletContext [/]]
2025-06-04T20:43:57.882+03:00 DEBUG 10268 --- [demo] [http-nio-8080-exec-7] o.s.w.s.r.ResourceHttpRequestHandler     : Resource not found
2025-06-04T20:43:57.898+03:00 DEBUG 10268 --- [demo] [http-nio-8080-exec-7] .w.s.m.s.DefaultHandlerExceptionResolver : Resolved [org.springframework.web.servlet.resource.NoResourceFoundException: No static resource favicon.ico.]
2025-06-04T20:43:57.899+03:00 DEBUG 10268 --- [demo] [http-nio-8080-exec-7] o.s.web.servlet.DispatcherServlet        : Completed 404 NOT_FOUND
2025-06-04T20:43:57.909+03:00 DEBUG 10268 --- [demo] [http-nio-8080-exec-7] o.s.security.web.FilterChainProxy        : Securing GET /error
2025-06-04T20:43:57.910+03:00 DEBUG 10268 --- [demo] [http-nio-8080-exec-7] w.c.HttpSessionSecurityContextRepository : Retrieved SecurityContextImpl [Authentication=UsernamePasswordAuthenticationToken [Principal=ru.kata.spring.boot_security.demo.entity.User@50aa4d67, Credentials=[PROTECTED], Authenticated=true, Details=WebAuthenticationDetails [RemoteIpAddress=0:0:0:0:0:0:0:1, SessionId=38039FF164598CD7EB328C8F8B0441DB], Granted Authorities=[ru.kata.spring.boot_security.demo.entity.Role@719aff2f]]]
2025-06-04T20:43:57.911+03:00 DEBUG 10268 --- [demo] [http-nio-8080-exec-7] o.s.security.web.FilterChainProxy        : Secured GET /error
2025-06-04T20:43:57.911+03:00 DEBUG 10268 --- [demo] [http-nio-8080-exec-7] o.s.web.servlet.DispatcherServlet        : "ERROR" dispatch for GET "/error", parameters={}
2025-06-04T20:43:57.912+03:00 DEBUG 10268 --- [demo] [http-nio-8080-exec-7] s.w.s.m.m.a.RequestMappingHandlerMapping : Mapped to org.springframework.boot.autoconfigure.web.servlet.error.BasicErrorController#error(HttpServletRequest)
2025-06-04T20:43:57.947+03:00 DEBUG 10268 --- [demo] [http-nio-8080-exec-7] o.s.w.s.m.m.a.HttpEntityMethodProcessor  : Using 'application/json;q=0.8', given [image/avif, image/webp, image/apng, image/svg+xml, image/*, */*;q=0.8] and supported [application/json, application/*+json]
2025-06-04T20:43:57.947+03:00 DEBUG 10268 --- [demo] [http-nio-8080-exec-7] o.s.w.s.m.m.a.HttpEntityMethodProcessor  : Writing [{timestamp=Wed Jun 04 20:43:57 MSK 2025, status=404, error=Not Found, trace=org.springframework.web. (truncated)...]
2025-06-04T20:43:58.049+03:00 DEBUG 10268 --- [demo] [http-nio-8080-exec-7] o.s.web.servlet.DispatcherServlet        : Exiting from "ERROR" dispatch, status 404
2025-06-04T20:44:12.867+03:00 DEBUG 10268 --- [demo] [http-nio-8080-exec-8] o.s.security.web.FilterChainProxy        : Securing POST /admin/edit
2025-06-04T20:44:12.867+03:00 DEBUG 10268 --- [demo] [http-nio-8080-exec-8] w.c.HttpSessionSecurityContextRepository : Retrieved SecurityContextImpl [Authentication=UsernamePasswordAuthenticationToken [Principal=ru.kata.spring.boot_security.demo.entity.User@50aa4d67, Credentials=[PROTECTED], Authenticated=true, Details=WebAuthenticationDetails [RemoteIpAddress=0:0:0:0:0:0:0:1, SessionId=38039FF164598CD7EB328C8F8B0441DB], Granted Authorities=[ru.kata.spring.boot_security.demo.entity.Role@719aff2f]]]
2025-06-04T20:44:12.867+03:00 DEBUG 10268 --- [demo] [http-nio-8080-exec-8] o.s.security.web.FilterChainProxy        : Secured POST /admin/edit
2025-06-04T20:44:12.867+03:00 DEBUG 10268 --- [demo] [http-nio-8080-exec-8] o.s.web.servlet.DispatcherServlet        : POST "/admin/edit", parameters={masked}
2025-06-04T20:44:12.867+03:00 DEBUG 10268 --- [demo] [http-nio-8080-exec-8] s.w.s.m.m.a.RequestMappingHandlerMapping : Mapped to ru.kata.spring.boot_security.demo.controller.AppController#updateUser(Long, String, String, int, String, String, String)
2025-06-04T20:44:12.994+03:00 DEBUG 10268 --- [demo] [http-nio-8080-exec-8] o.s.web.servlet.view.RedirectView        : View name [redirect:], model {}
2025-06-04T20:44:12.995+03:00 DEBUG 10268 --- [demo] [http-nio-8080-exec-8] o.s.web.servlet.DispatcherServlet        : Completed 302 FOUND
2025-06-04T20:44:12.997+03:00 DEBUG 10268 --- [demo] [http-nio-8080-exec-9] o.s.security.web.FilterChainProxy        : Securing GET /dashboard
2025-06-04T20:44:12.997+03:00 DEBUG 10268 --- [demo] [http-nio-8080-exec-9] w.c.HttpSessionSecurityContextRepository : Retrieved SecurityContextImpl [Authentication=UsernamePasswordAuthenticationToken [Principal=ru.kata.spring.boot_security.demo.entity.User@50aa4d67, Credentials=[PROTECTED], Authenticated=true, Details=WebAuthenticationDetails [RemoteIpAddress=0:0:0:0:0:0:0:1, SessionId=38039FF164598CD7EB328C8F8B0441DB], Granted Authorities=[ru.kata.spring.boot_security.demo.entity.Role@719aff2f]]]
2025-06-04T20:44:12.997+03:00 DEBUG 10268 --- [demo] [http-nio-8080-exec-9] o.s.security.web.FilterChainProxy        : Secured GET /dashboard
2025-06-04T20:44:12.997+03:00 DEBUG 10268 --- [demo] [http-nio-8080-exec-9] o.s.web.servlet.DispatcherServlet        : GET "/dashboard", parameters={}
2025-06-04T20:44:12.997+03:00 DEBUG 10268 --- [demo] [http-nio-8080-exec-9] s.w.s.m.m.a.RequestMappingHandlerMapping : Mapped to ru.kata.spring.boot_security.demo.controller.AppController#doAvtorisation(Authentication, Model)
2025-06-04T20:44:12.997+03:00 DEBUG 10268 --- [demo] [http-nio-8080-exec-9] o.s.w.s.v.ContentNegotiatingViewResolver : Selected 'text/html' given [text/html, application/xhtml+xml, image/avif, image/webp, image/apng, application/xml;q=0.9, */*;q=0.8, application/signed-exchange;v=b3;q=0.7]
2025-06-04T20:44:13.044+03:00 DEBUG 10268 --- [demo] [http-nio-8080-exec-9] o.s.web.servlet.DispatcherServlet        : Completed 200 OK
2025-06-04T20:44:24.455+03:00 DEBUG 10268 --- [demo] [http-nio-8080-exec-10] o.s.security.web.FilterChainProxy        : Securing POST /admin/edit
2025-06-04T20:44:24.455+03:00 DEBUG 10268 --- [demo] [http-nio-8080-exec-10] w.c.HttpSessionSecurityContextRepository : Retrieved SecurityContextImpl [Authentication=UsernamePasswordAuthenticationToken [Principal=ru.kata.spring.boot_security.demo.entity.User@50aa4d67, Credentials=[PROTECTED], Authenticated=true, Details=WebAuthenticationDetails [RemoteIpAddress=0:0:0:0:0:0:0:1, SessionId=38039FF164598CD7EB328C8F8B0441DB], Granted Authorities=[ru.kata.spring.boot_security.demo.entity.Role@719aff2f]]]
2025-06-04T20:44:24.456+03:00 DEBUG 10268 --- [demo] [http-nio-8080-exec-10] o.s.security.web.FilterChainProxy        : Secured POST /admin/edit
2025-06-04T20:44:24.456+03:00 DEBUG 10268 --- [demo] [http-nio-8080-exec-10] o.s.web.servlet.DispatcherServlet        : POST "/admin/edit", parameters={masked}
2025-06-04T20:44:24.456+03:00 DEBUG 10268 --- [demo] [http-nio-8080-exec-10] s.w.s.m.m.a.RequestMappingHandlerMapping : Mapped to ru.kata.spring.boot_security.demo.controller.AppController#updateUser(Long, String, String, int, String, String, String)
2025-06-04T20:44:24.478+03:00 DEBUG 10268 --- [demo] [http-nio-8080-exec-10] o.s.web.servlet.view.RedirectView        : View name [redirect:], model {}
2025-06-04T20:44:24.479+03:00 DEBUG 10268 --- [demo] [http-nio-8080-exec-10] o.s.web.servlet.DispatcherServlet        : Completed 302 FOUND
2025-06-04T20:44:24.484+03:00 DEBUG 10268 --- [demo] [http-nio-8080-exec-1] o.s.security.web.FilterChainProxy        : Securing GET /dashboard
2025-06-04T20:44:24.485+03:00 DEBUG 10268 --- [demo] [http-nio-8080-exec-1] w.c.HttpSessionSecurityContextRepository : Retrieved SecurityContextImpl [Authentication=UsernamePasswordAuthenticationToken [Principal=ru.kata.spring.boot_security.demo.entity.User@50aa4d67, Credentials=[PROTECTED], Authenticated=true, Details=WebAuthenticationDetails [RemoteIpAddress=0:0:0:0:0:0:0:1, SessionId=38039FF164598CD7EB328C8F8B0441DB], Granted Authorities=[ru.kata.spring.boot_security.demo.entity.Role@719aff2f]]]
2025-06-04T20:44:24.485+03:00 DEBUG 10268 --- [demo] [http-nio-8080-exec-1] o.s.security.web.FilterChainProxy        : Secured GET /dashboard
2025-06-04T20:44:24.485+03:00 DEBUG 10268 --- [demo] [http-nio-8080-exec-1] o.s.web.servlet.DispatcherServlet        : GET "/dashboard", parameters={}
2025-06-04T20:44:24.485+03:00 DEBUG 10268 --- [demo] [http-nio-8080-exec-1] s.w.s.m.m.a.RequestMappingHandlerMapping : Mapped to ru.kata.spring.boot_security.demo.controller.AppController#doAvtorisation(Authentication, Model)
2025-06-04T20:44:24.493+03:00 DEBUG 10268 --- [demo] [http-nio-8080-exec-1] o.s.w.s.v.ContentNegotiatingViewResolver : Selected 'text/html' given [text/html, application/xhtml+xml, image/avif, image/webp, image/apng, application/xml;q=0.9, */*;q=0.8, application/signed-exchange;v=b3;q=0.7]
2025-06-04T20:44:24.529+03:00 DEBUG 10268 --- [demo] [http-nio-8080-exec-1] o.s.web.servlet.DispatcherServlet        : Completed 200 OK
2025-06-04T20:44:27.607+03:00 DEBUG 10268 --- [demo] [http-nio-8080-exec-2] o.s.security.web.FilterChainProxy        : Securing POST /logout
2025-06-04T20:44:27.608+03:00 DEBUG 10268 --- [demo] [http-nio-8080-exec-2] w.c.HttpSessionSecurityContextRepository : Retrieved SecurityContextImpl [Authentication=UsernamePasswordAuthenticationToken [Principal=ru.kata.spring.boot_security.demo.entity.User@50aa4d67, Credentials=[PROTECTED], Authenticated=true, Details=WebAuthenticationDetails [RemoteIpAddress=0:0:0:0:0:0:0:1, SessionId=38039FF164598CD7EB328C8F8B0441DB], Granted Authorities=[ru.kata.spring.boot_security.demo.entity.Role@719aff2f]]]
2025-06-04T20:44:27.608+03:00 DEBUG 10268 --- [demo] [http-nio-8080-exec-2] o.s.s.w.a.logout.LogoutFilter            : Logging out [UsernamePasswordAuthenticationToken [Principal=ru.kata.spring.boot_security.demo.entity.User@50aa4d67, Credentials=[PROTECTED], Authenticated=true, Details=WebAuthenticationDetails [RemoteIpAddress=0:0:0:0:0:0:0:1, SessionId=38039FF164598CD7EB328C8F8B0441DB], Granted Authorities=[ru.kata.spring.boot_security.demo.entity.Role@719aff2f]]]
2025-06-04T20:44:27.609+03:00 DEBUG 10268 --- [demo] [http-nio-8080-exec-2] o.s.s.w.a.l.SecurityContextLogoutHandler : Invalidated session 77398F4611295F63254F020D6BC7B729
2025-06-04T20:44:27.610+03:00 DEBUG 10268 --- [demo] [http-nio-8080-exec-2] o.s.s.web.DefaultRedirectStrategy        : Redirecting to /login?logout
2025-06-04T20:44:27.622+03:00 DEBUG 10268 --- [demo] [http-nio-8080-exec-4] o.s.security.web.FilterChainProxy        : Securing GET /login?logout
2025-06-04T20:44:27.642+03:00 DEBUG 10268 --- [demo] [http-nio-8080-exec-4] o.s.security.web.FilterChainProxy        : Secured GET /login?logout
2025-06-04T20:44:27.642+03:00 DEBUG 10268 --- [demo] [http-nio-8080-exec-4] o.s.web.servlet.DispatcherServlet        : GET "/login?logout", parameters={masked}
2025-06-04T20:44:27.643+03:00 DEBUG 10268 --- [demo] [http-nio-8080-exec-4] s.w.s.m.m.a.RequestMappingHandlerMapping : Mapped to ru.kata.spring.boot_security.demo.controller.AppController#login()
2025-06-04T20:44:27.644+03:00 DEBUG 10268 --- [demo] [http-nio-8080-exec-4] o.s.w.s.v.ContentNegotiatingViewResolver : Selected 'text/html' given [text/html, application/xhtml+xml, image/avif, image/webp, image/apng, application/xml;q=0.9, */*;q=0.8, application/signed-exchange;v=b3;q=0.7]
2025-06-04T20:44:27.650+03:00 DEBUG 10268 --- [demo] [http-nio-8080-exec-4] o.s.web.servlet.DispatcherServlet        : Completed 200 OK
2025-06-04T20:44:27.650+03:00 DEBUG 10268 --- [demo] [http-nio-8080-exec-4] o.s.s.w.a.AnonymousAuthenticationFilter  : Set SecurityContextHolder to anonymous SecurityContext
2025-06-04T20:44:32.981+03:00 DEBUG 10268 --- [demo] [http-nio-8080-exec-5] o.s.security.web.FilterChainProxy        : Securing POST /login
2025-06-04T20:44:32.986+03:00  WARN 10268 --- [demo] [http-nio-8080-exec-5] o.s.s.c.bcrypt.BCryptPasswordEncoder     : Encoded password does not look like BCrypt
2025-06-04T20:44:32.987+03:00 DEBUG 10268 --- [demo] [http-nio-8080-exec-5] o.s.s.a.dao.DaoAuthenticationProvider    : Failed to authenticate since password does not match stored value
2025-06-04T20:44:33.109+03:00  WARN 10268 --- [demo] [http-nio-8080-exec-5] o.s.s.c.bcrypt.BCryptPasswordEncoder     : Encoded password does not look like BCrypt
2025-06-04T20:44:33.109+03:00 DEBUG 10268 --- [demo] [http-nio-8080-exec-5] o.s.s.a.dao.DaoAuthenticationProvider    : Failed to authenticate since password does not match stored value
2025-06-04T20:44:33.113+03:00 DEBUG 10268 --- [demo] [http-nio-8080-exec-5] o.s.s.web.DefaultRedirectStrategy        : Redirecting to /login?error=true
2025-06-04T20:44:33.121+03:00 DEBUG 10268 --- [demo] [http-nio-8080-exec-3] o.s.security.web.FilterChainProxy        : Securing GET /login?error=true
2025-06-04T20:44:33.121+03:00 DEBUG 10268 --- [demo] [http-nio-8080-exec-3] o.s.security.web.FilterChainProxy        : Secured GET /login?error=true
2025-06-04T20:44:33.122+03:00 DEBUG 10268 --- [demo] [http-nio-8080-exec-3] o.s.web.servlet.DispatcherServlet        : GET "/login?error=true", parameters={masked}
2025-06-04T20:44:33.122+03:00 DEBUG 10268 --- [demo] [http-nio-8080-exec-3] s.w.s.m.m.a.RequestMappingHandlerMapping : Mapped to ru.kata.spring.boot_security.demo.controller.AppController#login()
2025-06-04T20:44:33.124+03:00 DEBUG 10268 --- [demo] [http-nio-8080-exec-3] o.s.w.s.v.ContentNegotiatingViewResolver : Selected 'text/html' given [text/html, application/xhtml+xml, image/avif, image/webp, image/apng, application/xml;q=0.9, */*;q=0.8, application/signed-exchange;v=b3;q=0.7]
2025-06-04T20:44:33.129+03:00 DEBUG 10268 --- [demo] [http-nio-8080-exec-3] o.s.web.servlet.DispatcherServlet        : Completed 200 OK
2025-06-04T20:44:33.129+03:00 DEBUG 10268 --- [demo] [http-nio-8080-exec-3] o.s.s.w.a.AnonymousAuthenticationFilter  : Set SecurityContextHolder to anonymous SecurityContext
2025-06-04T20:44:38.336+03:00 DEBUG 10268 --- [demo] [http-nio-8080-exec-6] o.s.security.web.FilterChainProxy        : Securing POST /login
2025-06-04T20:44:38.336+03:00  WARN 10268 --- [demo] [http-nio-8080-exec-6] o.s.s.c.bcrypt.BCryptPasswordEncoder     : Encoded password does not look like BCrypt
2025-06-04T20:44:38.336+03:00 DEBUG 10268 --- [demo] [http-nio-8080-exec-6] o.s.s.a.dao.DaoAuthenticationProvider    : Failed to authenticate since password does not match stored value
2025-06-04T20:44:38.336+03:00  WARN 10268 --- [demo] [http-nio-8080-exec-6] o.s.s.c.bcrypt.BCryptPasswordEncoder     : Encoded password does not look like BCrypt
2025-06-04T20:44:38.336+03:00 DEBUG 10268 --- [demo] [http-nio-8080-exec-6] o.s.s.a.dao.DaoAuthenticationProvider    : Failed to authenticate since password does not match stored value
2025-06-04T20:44:38.336+03:00 DEBUG 10268 --- [demo] [http-nio-8080-exec-6] o.s.s.web.DefaultRedirectStrategy        : Redirecting to /login?error=true
2025-06-04T20:44:38.350+03:00 DEBUG 10268 --- [demo] [http-nio-8080-exec-7] o.s.security.web.FilterChainProxy        : Securing GET /login?error=true
2025-06-04T20:44:38.350+03:00 DEBUG 10268 --- [demo] [http-nio-8080-exec-7] o.s.security.web.FilterChainProxy        : Secured GET /login?error=true
2025-06-04T20:44:38.350+03:00 DEBUG 10268 --- [demo] [http-nio-8080-exec-7] o.s.web.servlet.DispatcherServlet        : GET "/login?error=true", parameters={masked}
2025-06-04T20:44:38.350+03:00 DEBUG 10268 --- [demo] [http-nio-8080-exec-7] s.w.s.m.m.a.RequestMappingHandlerMapping : Mapped to ru.kata.spring.boot_security.demo.controller.AppController#login()
2025-06-04T20:44:38.350+03:00 DEBUG 10268 --- [demo] [http-nio-8080-exec-7] o.s.w.s.v.ContentNegotiatingViewResolver : Selected 'text/html' given [text/html, application/xhtml+xml, image/avif, image/webp, image/apng, application/xml;q=0.9, */*;q=0.8, application/signed-exchange;v=b3;q=0.7]
2025-06-04T20:44:38.350+03:00 DEBUG 10268 --- [demo] [http-nio-8080-exec-7] o.s.web.servlet.DispatcherServlet        : Completed 200 OK
2025-06-04T20:44:38.350+03:00 DEBUG 10268 --- [demo] [http-nio-8080-exec-7] o.s.s.w.a.AnonymousAuthenticationFilter  : Set SecurityContextHolder to anonymous SecurityContext
2025-06-04T20:44:43.652+03:00 DEBUG 10268 --- [demo] [http-nio-8080-exec-8] o.s.security.web.FilterChainProxy        : Securing POST /login
2025-06-04T20:44:43.656+03:00  WARN 10268 --- [demo] [http-nio-8080-exec-8] o.s.s.c.bcrypt.BCryptPasswordEncoder     : Encoded password does not look like BCrypt
2025-06-04T20:44:43.657+03:00 DEBUG 10268 --- [demo] [http-nio-8080-exec-8] o.s.s.a.dao.DaoAuthenticationProvider    : Failed to authenticate since password does not match stored value
2025-06-04T20:44:43.660+03:00  WARN 10268 --- [demo] [http-nio-8080-exec-8] o.s.s.c.bcrypt.BCryptPasswordEncoder     : Encoded password does not look like BCrypt
2025-06-04T20:44:43.661+03:00 DEBUG 10268 --- [demo] [http-nio-8080-exec-8] o.s.s.a.dao.DaoAuthenticationProvider    : Failed to authenticate since password does not match stored value
2025-06-04T20:44:43.661+03:00 DEBUG 10268 --- [demo] [http-nio-8080-exec-8] o.s.s.web.DefaultRedirectStrategy        : Redirecting to /login?error=true
2025-06-04T20:44:43.667+03:00 DEBUG 10268 --- [demo] [http-nio-8080-exec-9] o.s.security.web.FilterChainProxy        : Securing GET /login?error=true
2025-06-04T20:44:43.668+03:00 DEBUG 10268 --- [demo] [http-nio-8080-exec-9] o.s.security.web.FilterChainProxy        : Secured GET /login?error=true
2025-06-04T20:44:43.668+03:00 DEBUG 10268 --- [demo] [http-nio-8080-exec-9] o.s.web.servlet.DispatcherServlet        : GET "/login?error=true", parameters={masked}
2025-06-04T20:44:43.668+03:00 DEBUG 10268 --- [demo] [http-nio-8080-exec-9] s.w.s.m.m.a.RequestMappingHandlerMapping : Mapped to ru.kata.spring.boot_security.demo.controller.AppController#login()
2025-06-04T20:44:43.669+03:00 DEBUG 10268 --- [demo] [http-nio-8080-exec-9] o.s.w.s.v.ContentNegotiatingViewResolver : Selected 'text/html' given [text/html, application/xhtml+xml, image/avif, image/webp, image/apng, application/xml;q=0.9, */*;q=0.8, application/signed-exchange;v=b3;q=0.7]
2025-06-04T20:44:43.672+03:00 DEBUG 10268 --- [demo] [http-nio-8080-exec-9] o.s.web.servlet.DispatcherServlet        : Completed 200 OK
2025-06-04T20:44:43.673+03:00 DEBUG 10268 --- [demo] [http-nio-8080-exec-9] o.s.s.w.a.AnonymousAuthenticationFilter  : Set SecurityContextHolder to anonymous SecurityContext
2025-06-04T20:44:49.233+03:00 DEBUG 10268 --- [demo] [http-nio-8080-exec-10] o.s.security.web.FilterChainProxy        : Securing POST /login
2025-06-04T20:44:49.237+03:00  WARN 10268 --- [demo] [http-nio-8080-exec-10] o.s.s.c.bcrypt.BCryptPasswordEncoder     : Encoded password does not look like BCrypt
2025-06-04T20:44:49.237+03:00 DEBUG 10268 --- [demo] [http-nio-8080-exec-10] o.s.s.a.dao.DaoAuthenticationProvider    : Failed to authenticate since password does not match stored value
2025-06-04T20:44:49.241+03:00  WARN 10268 --- [demo] [http-nio-8080-exec-10] o.s.s.c.bcrypt.BCryptPasswordEncoder     : Encoded password does not look like BCrypt
2025-06-04T20:44:49.241+03:00 DEBUG 10268 --- [demo] [http-nio-8080-exec-10] o.s.s.a.dao.DaoAuthenticationProvider    : Failed to authenticate since password does not match stored value
2025-06-04T20:44:49.241+03:00 DEBUG 10268 --- [demo] [http-nio-8080-exec-10] o.s.s.web.DefaultRedirectStrategy        : Redirecting to /login?error=true
2025-06-04T20:44:49.248+03:00 DEBUG 10268 --- [demo] [http-nio-8080-exec-1] o.s.security.web.FilterChainProxy        : Securing GET /login?error=true
2025-06-04T20:44:49.249+03:00 DEBUG 10268 --- [demo] [http-nio-8080-exec-1] o.s.security.web.FilterChainProxy        : Secured GET /login?error=true
2025-06-04T20:44:49.249+03:00 DEBUG 10268 --- [demo] [http-nio-8080-exec-1] o.s.web.servlet.DispatcherServlet        : GET "/login?error=true", parameters={masked}
2025-06-04T20:44:49.249+03:00 DEBUG 10268 --- [demo] [http-nio-8080-exec-1] s.w.s.m.m.a.RequestMappingHandlerMapping : Mapped to ru.kata.spring.boot_security.demo.controller.AppController#login()
2025-06-04T20:44:49.251+03:00 DEBUG 10268 --- [demo] [http-nio-8080-exec-1] o.s.w.s.v.ContentNegotiatingViewResolver : Selected 'text/html' given [text/html, application/xhtml+xml, image/avif, image/webp, image/apng, application/xml;q=0.9, */*;q=0.8, application/signed-exchange;v=b3;q=0.7]
2025-06-04T20:44:49.255+03:00 DEBUG 10268 --- [demo] [http-nio-8080-exec-1] o.s.web.servlet.DispatcherServlet        : Completed 200 OK
2025-06-04T20:44:49.255+03:00 DEBUG 10268 --- [demo] [http-nio-8080-exec-1] o.s.s.w.a.AnonymousAuthenticationFilter  : Set SecurityContextHolder to anonymous SecurityContext
2025-06-04T20:49:24.789+03:00  INFO 10268 --- [demo] [SpringApplicationShutdownHook] o.s.b.w.e.tomcat.GracefulShutdown        : Commencing graceful shutdown. Waiting for active requests to complete
2025-06-04T20:49:24.800+03:00  INFO 10268 --- [demo] [tomcat-shutdown] o.s.b.w.e.tomcat.GracefulShutdown        : Graceful shutdown complete
2025-06-04T20:49:24.810+03:00  INFO 10268 --- [demo] [SpringApplicationShutdownHook] j.LocalContainerEntityManagerFactoryBean : Closing JPA EntityManagerFactory for persistence unit 'default'
2025-06-04T20:49:24.818+03:00  INFO 10268 --- [demo] [SpringApplicationShutdownHook] com.zaxxer.hikari.HikariDataSource       : HikariPool-1 - Shutdown initiated...
2025-06-04T20:49:24.839+03:00  INFO 10268 --- [demo] [SpringApplicationShutdownHook] com.zaxxer.hikari.HikariDataSource       : HikariPool-1 - Shutdown completed.
2025-06-04T20:49:38.108+03:00  INFO 8872 --- [demo] [restartedMain] r.k.s.b.demo.DemoApplication             : Starting DemoApplication using Java 21.0.6 with PID 8872 (C:\Users\Daniil\Downloads\demo\target\classes started by Daniil in C:\Users\Daniil\Downloads\demo)
2025-06-04T20:49:38.112+03:00 DEBUG 8872 --- [demo] [restartedMain] r.k.s.b.demo.DemoApplication             : Running with Spring Boot v3.4.5, Spring v6.2.6
2025-06-04T20:49:38.113+03:00  INFO 8872 --- [demo] [restartedMain] r.k.s.b.demo.DemoApplication             : No active profile set, falling back to 1 default profile: "default"
2025-06-04T20:49:38.198+03:00  INFO 8872 --- [demo] [restartedMain] .e.DevToolsPropertyDefaultsPostProcessor : Devtools property defaults active! Set 'spring.devtools.add-properties' to 'false' to disable
2025-06-04T20:49:38.199+03:00  INFO 8872 --- [demo] [restartedMain] .e.DevToolsPropertyDefaultsPostProcessor : For additional web related logging consider setting the 'logging.level.web' property to 'DEBUG'
2025-06-04T20:49:39.692+03:00  INFO 8872 --- [demo] [restartedMain] .s.d.r.c.RepositoryConfigurationDelegate : Bootstrapping Spring Data JPA repositories in DEFAULT mode.
2025-06-04T20:49:39.805+03:00  INFO 8872 --- [demo] [restartedMain] .s.d.r.c.RepositoryConfigurationDelegate : Finished Spring Data repository scanning in 92 ms. Found 2 JPA repository interfaces.
2025-06-04T20:49:40.863+03:00  INFO 8872 --- [demo] [restartedMain] o.s.b.w.embedded.tomcat.TomcatWebServer  : Tomcat initialized with port 8080 (http)
2025-06-04T20:49:40.883+03:00  INFO 8872 --- [demo] [restartedMain] o.apache.catalina.core.StandardService   : Starting service [Tomcat]
2025-06-04T20:49:40.884+03:00  INFO 8872 --- [demo] [restartedMain] o.apache.catalina.core.StandardEngine    : Starting Servlet engine: [Apache Tomcat/10.1.40]
2025-06-04T20:49:40.958+03:00  INFO 8872 --- [demo] [restartedMain] o.a.c.c.C.[Tomcat].[localhost].[/]       : Initializing Spring embedded WebApplicationContext
2025-06-04T20:49:40.959+03:00  INFO 8872 --- [demo] [restartedMain] w.s.c.ServletWebServerApplicationContext : Root WebApplicationContext: initialization completed in 2759 ms
2025-06-04T20:49:41.223+03:00  INFO 8872 --- [demo] [restartedMain] o.hibernate.jpa.internal.util.LogHelper  : HHH000204: Processing PersistenceUnitInfo [name: default]
2025-06-04T20:49:41.294+03:00  INFO 8872 --- [demo] [restartedMain] org.hibernate.Version                    : HHH000412: Hibernate ORM core version 6.6.13.Final
2025-06-04T20:49:41.357+03:00  INFO 8872 --- [demo] [restartedMain] o.h.c.internal.RegionFactoryInitiator    : HHH000026: Second-level cache disabled
2025-06-04T20:49:41.742+03:00  INFO 8872 --- [demo] [restartedMain] o.s.o.j.p.SpringPersistenceUnitInfo      : No LoadTimeWeaver setup: ignoring JPA class transformer
2025-06-04T20:49:41.785+03:00  INFO 8872 --- [demo] [restartedMain] com.zaxxer.hikari.HikariDataSource       : HikariPool-1 - Starting...
2025-06-04T20:49:42.295+03:00  INFO 8872 --- [demo] [restartedMain] com.zaxxer.hikari.pool.HikariPool        : HikariPool-1 - Added connection com.mysql.cj.jdbc.ConnectionImpl@abf80a5
2025-06-04T20:49:42.298+03:00  INFO 8872 --- [demo] [restartedMain] com.zaxxer.hikari.HikariDataSource       : HikariPool-1 - Start completed.
2025-06-04T20:49:42.421+03:00  INFO 8872 --- [demo] [restartedMain] org.hibernate.orm.connections.pooling    : HHH10001005: Database info:
	Database JDBC URL [Connecting through datasource 'HikariDataSource (HikariPool-1)']
	Database driver: undefined/unknown
	Database version: 8.0.41
	Autocommit mode: undefined/unknown
	Isolation level: undefined/unknown
	Minimum pool size: undefined/unknown
	Maximum pool size: undefined/unknown
2025-06-04T20:49:43.857+03:00  INFO 8872 --- [demo] [restartedMain] o.h.e.t.j.p.i.JtaPlatformInitiator       : HHH000489: No JTA platform available (set 'hibernate.transaction.jta.platform' to enable JTA platform integration)
2025-06-04T20:49:43.948+03:00  INFO 8872 --- [demo] [restartedMain] j.LocalContainerEntityManagerFactoryBean : Initialized JPA EntityManagerFactory for persistence unit 'default'
2025-06-04T20:49:44.403+03:00  INFO 8872 --- [demo] [restartedMain] o.s.d.j.r.query.QueryEnhancerFactory     : Hibernate is in classpath; If applicable, HQL parser will be used.
2025-06-04T20:49:45.217+03:00  WARN 8872 --- [demo] [restartedMain] JpaBaseConfiguration$JpaWebConfiguration : spring.jpa.open-in-view is enabled by default. Therefore, database queries may be performed during view rendering. Explicitly configure spring.jpa.open-in-view to disable this warning
2025-06-04T20:49:45.250+03:00  INFO 8872 --- [demo] [restartedMain] r$InitializeUserDetailsManagerConfigurer : Global AuthenticationManager configured with UserDetailsService bean with name userDetailsServiceImpl
2025-06-04T20:49:45.458+03:00 DEBUG 8872 --- [demo] [restartedMain] s.w.s.m.m.a.RequestMappingHandlerMapping : 11 mappings in 'requestMappingHandlerMapping'
2025-06-04T20:49:45.573+03:00 DEBUG 8872 --- [demo] [restartedMain] o.s.w.s.handler.SimpleUrlHandlerMapping  : Patterns [/webjars/**, /**] in 'resourceHandlerMapping'
2025-06-04T20:49:45.662+03:00 DEBUG 8872 --- [demo] [restartedMain] o.s.s.web.DefaultSecurityFilterChain     : Will secure any request with filters: DisableEncodeUrlFilter, WebAsyncManagerIntegrationFilter, SecurityContextHolderFilter, HeaderWriterFilter, CsrfFilter, LogoutFilter, UsernamePasswordAuthenticationFilter, RequestCacheAwareFilter, SecurityContextHolderAwareRequestFilter, AnonymousAuthenticationFilter, ExceptionTranslationFilter, AuthorizationFilter
2025-06-04T20:49:45.779+03:00 DEBUG 8872 --- [demo] [restartedMain] s.w.s.m.m.a.RequestMappingHandlerAdapter : ControllerAdvice beans: 0 @ModelAttribute, 0 @InitBinder, 1 RequestBodyAdvice, 1 ResponseBodyAdvice
2025-06-04T20:49:45.889+03:00 DEBUG 8872 --- [demo] [restartedMain] .m.m.a.ExceptionHandlerExceptionResolver : ControllerAdvice beans: 0 @ExceptionHandler, 1 ResponseBodyAdvice
2025-06-04T20:49:46.046+03:00  INFO 8872 --- [demo] [restartedMain] o.s.b.d.a.OptionalLiveReloadServer       : LiveReload server is running on port 35729
2025-06-04T20:49:46.106+03:00  INFO 8872 --- [demo] [restartedMain] o.s.b.w.embedded.tomcat.TomcatWebServer  : Tomcat started on port 8080 (http) with context path '/'
2025-06-04T20:49:46.120+03:00  INFO 8872 --- [demo] [restartedMain] r.k.s.b.demo.DemoApplication             : Started DemoApplication in 8.777 seconds (process running for 10.939)
2025-06-04T20:50:09.690+03:00  INFO 8872 --- [demo] [http-nio-8080-exec-2] o.a.c.c.C.[Tomcat].[localhost].[/]       : Initializing Spring DispatcherServlet 'dispatcherServlet'
2025-06-04T20:50:09.690+03:00  INFO 8872 --- [demo] [http-nio-8080-exec-2] o.s.web.servlet.DispatcherServlet        : Initializing Servlet 'dispatcherServlet'
2025-06-04T20:50:09.690+03:00 DEBUG 8872 --- [demo] [http-nio-8080-exec-2] o.s.web.servlet.DispatcherServlet        : Detected StandardServletMultipartResolver
2025-06-04T20:50:09.690+03:00 DEBUG 8872 --- [demo] [http-nio-8080-exec-2] o.s.web.servlet.DispatcherServlet        : Detected AcceptHeaderLocaleResolver
2025-06-04T20:50:09.690+03:00 DEBUG 8872 --- [demo] [http-nio-8080-exec-2] o.s.web.servlet.DispatcherServlet        : Detected FixedThemeResolver
2025-06-04T20:50:09.690+03:00 DEBUG 8872 --- [demo] [http-nio-8080-exec-2] o.s.web.servlet.DispatcherServlet        : Detected org.springframework.web.servlet.view.DefaultRequestToViewNameTranslator@7c3294b5
2025-06-04T20:50:09.690+03:00 DEBUG 8872 --- [demo] [http-nio-8080-exec-2] o.s.web.servlet.DispatcherServlet        : Detected org.springframework.web.servlet.support.SessionFlashMapManager@3b652c69
2025-06-04T20:50:09.695+03:00 DEBUG 8872 --- [demo] [http-nio-8080-exec-2] o.s.web.servlet.DispatcherServlet        : enableLoggingRequestDetails='false': request parameters and headers will be masked to prevent unsafe logging of potentially sensitive data
2025-06-04T20:50:09.695+03:00  INFO 8872 --- [demo] [http-nio-8080-exec-2] o.s.web.servlet.DispatcherServlet        : Completed initialization in 5 ms
2025-06-04T20:50:09.719+03:00 DEBUG 8872 --- [demo] [http-nio-8080-exec-2] o.s.security.web.FilterChainProxy        : Securing POST /login
2025-06-04T20:50:09.994+03:00 DEBUG 8872 --- [demo] [http-nio-8080-exec-2] o.s.s.a.dao.DaoAuthenticationProvider    : Authenticated user
2025-06-04T20:50:10.012+03:00 DEBUG 8872 --- [demo] [http-nio-8080-exec-2] .s.ChangeSessionIdAuthenticationStrategy : Changed session id from 54474B86B49ED9B8CF8CA93412918E86
2025-06-04T20:50:10.014+03:00 DEBUG 8872 --- [demo] [http-nio-8080-exec-2] o.s.s.w.csrf.CsrfAuthenticationStrategy  : Replaced CSRF Token
2025-06-04T20:50:10.017+03:00 DEBUG 8872 --- [demo] [http-nio-8080-exec-2] w.c.HttpSessionSecurityContextRepository : Stored SecurityContextImpl [Authentication=UsernamePasswordAuthenticationToken [Principal=ru.kata.spring.boot_security.demo.entity.User@509898e8, Credentials=[PROTECTED], Authenticated=true, Details=WebAuthenticationDetails [RemoteIpAddress=0:0:0:0:0:0:0:1, SessionId=54474B86B49ED9B8CF8CA93412918E86], Granted Authorities=[ru.kata.spring.boot_security.demo.entity.Role@1b5c3a69]]] to HttpSession [org.apache.catalina.session.StandardSessionFacade@6753cddd]
2025-06-04T20:50:10.017+03:00 DEBUG 8872 --- [demo] [http-nio-8080-exec-2] w.a.UsernamePasswordAuthenticationFilter : Set SecurityContextHolder to UsernamePasswordAuthenticationToken [Principal=ru.kata.spring.boot_security.demo.entity.User@509898e8, Credentials=[PROTECTED], Authenticated=true, Details=WebAuthenticationDetails [RemoteIpAddress=0:0:0:0:0:0:0:1, SessionId=54474B86B49ED9B8CF8CA93412918E86], Granted Authorities=[ru.kata.spring.boot_security.demo.entity.Role@1b5c3a69]]
2025-06-04T20:50:10.017+03:00 DEBUG 8872 --- [demo] [http-nio-8080-exec-2] o.s.s.web.DefaultRedirectStrategy        : Redirecting to /dashboard
2025-06-04T20:50:10.038+03:00 DEBUG 8872 --- [demo] [http-nio-8080-exec-1] o.s.security.web.FilterChainProxy        : Securing GET /dashboard
2025-06-04T20:50:10.043+03:00 DEBUG 8872 --- [demo] [http-nio-8080-exec-1] w.c.HttpSessionSecurityContextRepository : Retrieved SecurityContextImpl [Authentication=UsernamePasswordAuthenticationToken [Principal=ru.kata.spring.boot_security.demo.entity.User@509898e8, Credentials=[PROTECTED], Authenticated=true, Details=WebAuthenticationDetails [RemoteIpAddress=0:0:0:0:0:0:0:1, SessionId=54474B86B49ED9B8CF8CA93412918E86], Granted Authorities=[ru.kata.spring.boot_security.demo.entity.Role@1b5c3a69]]]
2025-06-04T20:50:10.043+03:00 DEBUG 8872 --- [demo] [http-nio-8080-exec-1] o.s.security.web.FilterChainProxy        : Secured GET /dashboard
2025-06-04T20:50:10.047+03:00 DEBUG 8872 --- [demo] [http-nio-8080-exec-1] o.s.web.servlet.DispatcherServlet        : GET "/dashboard", parameters={}
2025-06-04T20:50:10.047+03:00 DEBUG 8872 --- [demo] [http-nio-8080-exec-1] s.w.s.m.m.a.RequestMappingHandlerMapping : Mapped to ru.kata.spring.boot_security.demo.controller.AppController#doAvtorisation(Authentication, Model)
2025-06-04T20:50:10.102+03:00 DEBUG 8872 --- [demo] [http-nio-8080-exec-1] o.s.w.s.v.ContentNegotiatingViewResolver : Selected 'text/html' given [text/html, application/xhtml+xml, image/avif, image/webp, image/apng, application/xml;q=0.9, */*;q=0.8, application/signed-exchange;v=b3;q=0.7]
2025-06-04T20:50:10.561+03:00 DEBUG 8872 --- [demo] [http-nio-8080-exec-1] o.s.web.servlet.DispatcherServlet        : Completed 200 OK
2025-06-04T20:50:18.474+03:00 DEBUG 8872 --- [demo] [http-nio-8080-exec-3] o.s.security.web.FilterChainProxy        : Securing POST /admin/edit
2025-06-04T20:50:18.474+03:00 DEBUG 8872 --- [demo] [http-nio-8080-exec-3] w.c.HttpSessionSecurityContextRepository : Retrieved SecurityContextImpl [Authentication=UsernamePasswordAuthenticationToken [Principal=ru.kata.spring.boot_security.demo.entity.User@509898e8, Credentials=[PROTECTED], Authenticated=true, Details=WebAuthenticationDetails [RemoteIpAddress=0:0:0:0:0:0:0:1, SessionId=54474B86B49ED9B8CF8CA93412918E86], Granted Authorities=[ru.kata.spring.boot_security.demo.entity.Role@1b5c3a69]]]
2025-06-04T20:50:18.474+03:00 DEBUG 8872 --- [demo] [http-nio-8080-exec-3] o.s.security.web.FilterChainProxy        : Secured POST /admin/edit
2025-06-04T20:50:18.474+03:00 DEBUG 8872 --- [demo] [http-nio-8080-exec-3] o.s.web.servlet.DispatcherServlet        : POST "/admin/edit", parameters={masked}
2025-06-04T20:50:18.474+03:00 DEBUG 8872 --- [demo] [http-nio-8080-exec-3] s.w.s.m.m.a.RequestMappingHandlerMapping : Mapped to ru.kata.spring.boot_security.demo.controller.AppController#updateUser(Long, String, String, int, String, String, String)
2025-06-04T20:50:18.692+03:00 DEBUG 8872 --- [demo] [http-nio-8080-exec-3] o.s.web.servlet.view.RedirectView        : View name [redirect:], model {}
2025-06-04T20:50:18.692+03:00 DEBUG 8872 --- [demo] [http-nio-8080-exec-3] o.s.web.servlet.DispatcherServlet        : Completed 302 FOUND
2025-06-04T20:50:18.709+03:00 DEBUG 8872 --- [demo] [http-nio-8080-exec-4] o.s.security.web.FilterChainProxy        : Securing GET /dashboard
2025-06-04T20:50:18.713+03:00 DEBUG 8872 --- [demo] [http-nio-8080-exec-4] w.c.HttpSessionSecurityContextRepository : Retrieved SecurityContextImpl [Authentication=UsernamePasswordAuthenticationToken [Principal=ru.kata.spring.boot_security.demo.entity.User@509898e8, Credentials=[PROTECTED], Authenticated=true, Details=WebAuthenticationDetails [RemoteIpAddress=0:0:0:0:0:0:0:1, SessionId=54474B86B49ED9B8CF8CA93412918E86], Granted Authorities=[ru.kata.spring.boot_security.demo.entity.Role@1b5c3a69]]]
2025-06-04T20:50:18.713+03:00 DEBUG 8872 --- [demo] [http-nio-8080-exec-4] o.s.security.web.FilterChainProxy        : Secured GET /dashboard
2025-06-04T20:50:18.713+03:00 DEBUG 8872 --- [demo] [http-nio-8080-exec-4] o.s.web.servlet.DispatcherServlet        : GET "/dashboard", parameters={}
2025-06-04T20:50:18.713+03:00 DEBUG 8872 --- [demo] [http-nio-8080-exec-4] s.w.s.m.m.a.RequestMappingHandlerMapping : Mapped to ru.kata.spring.boot_security.demo.controller.AppController#doAvtorisation(Authentication, Model)
2025-06-04T20:50:18.715+03:00 DEBUG 8872 --- [demo] [http-nio-8080-exec-4] o.s.w.s.v.ContentNegotiatingViewResolver : Selected 'text/html' given [text/html, application/xhtml+xml, image/avif, image/webp, image/apng, application/xml;q=0.9, */*;q=0.8, application/signed-exchange;v=b3;q=0.7]
2025-06-04T20:50:18.758+03:00 DEBUG 8872 --- [demo] [http-nio-8080-exec-4] o.s.web.servlet.DispatcherServlet        : Completed 200 OK
2025-06-04T20:50:25.519+03:00 DEBUG 8872 --- [demo] [http-nio-8080-exec-5] o.s.security.web.FilterChainProxy        : Securing POST /logout
2025-06-04T20:50:25.519+03:00 DEBUG 8872 --- [demo] [http-nio-8080-exec-5] w.c.HttpSessionSecurityContextRepository : Retrieved SecurityContextImpl [Authentication=UsernamePasswordAuthenticationToken [Principal=ru.kata.spring.boot_security.demo.entity.User@509898e8, Credentials=[PROTECTED], Authenticated=true, Details=WebAuthenticationDetails [RemoteIpAddress=0:0:0:0:0:0:0:1, SessionId=54474B86B49ED9B8CF8CA93412918E86], Granted Authorities=[ru.kata.spring.boot_security.demo.entity.Role@1b5c3a69]]]
2025-06-04T20:50:25.519+03:00 DEBUG 8872 --- [demo] [http-nio-8080-exec-5] o.s.s.w.a.logout.LogoutFilter            : Logging out [UsernamePasswordAuthenticationToken [Principal=ru.kata.spring.boot_security.demo.entity.User@509898e8, Credentials=[PROTECTED], Authenticated=true, Details=WebAuthenticationDetails [RemoteIpAddress=0:0:0:0:0:0:0:1, SessionId=54474B86B49ED9B8CF8CA93412918E86], Granted Authorities=[ru.kata.spring.boot_security.demo.entity.Role@1b5c3a69]]]
2025-06-04T20:50:25.519+03:00 DEBUG 8872 --- [demo] [http-nio-8080-exec-5] o.s.s.w.a.l.SecurityContextLogoutHandler : Invalidated session EE6DDBFF05FEBE3E741FCD41F437B2ED
2025-06-04T20:50:25.519+03:00 DEBUG 8872 --- [demo] [http-nio-8080-exec-5] o.s.s.web.DefaultRedirectStrategy        : Redirecting to /login?logout
2025-06-04T20:50:25.519+03:00 DEBUG 8872 --- [demo] [http-nio-8080-exec-6] o.s.security.web.FilterChainProxy        : Securing GET /login?logout
2025-06-04T20:50:25.544+03:00 DEBUG 8872 --- [demo] [http-nio-8080-exec-6] o.s.security.web.FilterChainProxy        : Secured GET /login?logout
2025-06-04T20:50:25.544+03:00 DEBUG 8872 --- [demo] [http-nio-8080-exec-6] o.s.web.servlet.DispatcherServlet        : GET "/login?logout", parameters={masked}
2025-06-04T20:50:25.546+03:00 DEBUG 8872 --- [demo] [http-nio-8080-exec-6] s.w.s.m.m.a.RequestMappingHandlerMapping : Mapped to ru.kata.spring.boot_security.demo.controller.AppController#login()
2025-06-04T20:50:25.550+03:00 DEBUG 8872 --- [demo] [http-nio-8080-exec-6] o.s.w.s.v.ContentNegotiatingViewResolver : Selected 'text/html' given [text/html, application/xhtml+xml, image/avif, image/webp, image/apng, application/xml;q=0.9, */*;q=0.8, application/signed-exchange;v=b3;q=0.7]
2025-06-04T20:50:25.584+03:00 DEBUG 8872 --- [demo] [http-nio-8080-exec-6] o.s.web.servlet.DispatcherServlet        : Completed 200 OK
2025-06-04T20:50:25.584+03:00 DEBUG 8872 --- [demo] [http-nio-8080-exec-6] o.s.s.w.a.AnonymousAuthenticationFilter  : Set SecurityContextHolder to anonymous SecurityContext
2025-06-04T20:50:34.869+03:00 DEBUG 8872 --- [demo] [http-nio-8080-exec-7] o.s.security.web.FilterChainProxy        : Securing POST /login
2025-06-04T20:50:35.020+03:00 DEBUG 8872 --- [demo] [http-nio-8080-exec-7] o.s.s.a.dao.DaoAuthenticationProvider    : Authenticated user
2025-06-04T20:50:35.020+03:00 DEBUG 8872 --- [demo] [http-nio-8080-exec-7] o.s.s.w.csrf.CsrfAuthenticationStrategy  : Replaced CSRF Token
2025-06-04T20:50:35.020+03:00 DEBUG 8872 --- [demo] [http-nio-8080-exec-7] w.c.HttpSessionSecurityContextRepository : Stored SecurityContextImpl [Authentication=UsernamePasswordAuthenticationToken [Principal=ru.kata.spring.boot_security.demo.entity.User@46d412b9, Credentials=[PROTECTED], Authenticated=true, Details=WebAuthenticationDetails [RemoteIpAddress=0:0:0:0:0:0:0:1, SessionId=null], Granted Authorities=[ru.kata.spring.boot_security.demo.entity.Role@4472d681]]] to HttpSession [org.apache.catalina.session.StandardSessionFacade@634aaf4d]
2025-06-04T20:50:35.020+03:00 DEBUG 8872 --- [demo] [http-nio-8080-exec-7] w.a.UsernamePasswordAuthenticationFilter : Set SecurityContextHolder to UsernamePasswordAuthenticationToken [Principal=ru.kata.spring.boot_security.demo.entity.User@46d412b9, Credentials=[PROTECTED], Authenticated=true, Details=WebAuthenticationDetails [RemoteIpAddress=0:0:0:0:0:0:0:1, SessionId=null], Granted Authorities=[ru.kata.spring.boot_security.demo.entity.Role@4472d681]]
2025-06-04T20:50:35.022+03:00 DEBUG 8872 --- [demo] [http-nio-8080-exec-7] o.s.s.web.DefaultRedirectStrategy        : Redirecting to /dashboard
2025-06-04T20:50:35.030+03:00 DEBUG 8872 --- [demo] [http-nio-8080-exec-8] o.s.security.web.FilterChainProxy        : Securing GET /dashboard
2025-06-04T20:50:35.030+03:00 DEBUG 8872 --- [demo] [http-nio-8080-exec-8] w.c.HttpSessionSecurityContextRepository : Retrieved SecurityContextImpl [Authentication=UsernamePasswordAuthenticationToken [Principal=ru.kata.spring.boot_security.demo.entity.User@46d412b9, Credentials=[PROTECTED], Authenticated=true, Details=WebAuthenticationDetails [RemoteIpAddress=0:0:0:0:0:0:0:1, SessionId=null], Granted Authorities=[ru.kata.spring.boot_security.demo.entity.Role@4472d681]]]
2025-06-04T20:50:35.030+03:00 DEBUG 8872 --- [demo] [http-nio-8080-exec-8] o.s.security.web.FilterChainProxy        : Secured GET /dashboard
2025-06-04T20:50:35.030+03:00 DEBUG 8872 --- [demo] [http-nio-8080-exec-8] o.s.web.servlet.DispatcherServlet        : GET "/dashboard", parameters={}
2025-06-04T20:50:35.030+03:00 DEBUG 8872 --- [demo] [http-nio-8080-exec-8] s.w.s.m.m.a.RequestMappingHandlerMapping : Mapped to ru.kata.spring.boot_security.demo.controller.AppController#doAvtorisation(Authentication, Model)
2025-06-04T20:50:35.033+03:00 DEBUG 8872 --- [demo] [http-nio-8080-exec-8] o.s.w.s.v.ContentNegotiatingViewResolver : Selected 'text/html' given [text/html, application/xhtml+xml, image/avif, image/webp, image/apng, application/xml;q=0.9, */*;q=0.8, application/signed-exchange;v=b3;q=0.7]
2025-06-04T20:50:35.073+03:00 DEBUG 8872 --- [demo] [http-nio-8080-exec-8] o.s.web.servlet.DispatcherServlet        : Completed 200 OK
